{"/home/daud/Videos/DawoodRamzan/week3/Day2/Backend/controllers/taskController.js": {"path":"/home/daud/Videos/DawoodRamzan/week3/Day2/Backend/controllers/taskController.js","statementMap":{"0":{"start":{"line":1,"column":13},"end":{"line":1,"column":38}},"1":{"start":{"line":3,"column":0},"end":{"line":13,"column":2}},"2":{"start":{"line":4,"column":2},"end":{"line":12,"column":3}},"3":{"start":{"line":5,"column":17},"end":{"line":5,"column":35}},"4":{"start":{"line":6,"column":4},"end":{"line":6,"column":22}},"5":{"start":{"line":7,"column":4},"end":{"line":7,"column":73}},"6":{"start":{"line":9,"column":4},"end":{"line":11,"column":68}},"7":{"start":{"line":15,"column":0},"end":{"line":24,"column":2}},"8":{"start":{"line":16,"column":2},"end":{"line":23,"column":3}},"9":{"start":{"line":17,"column":18},"end":{"line":17,"column":35}},"10":{"start":{"line":18,"column":4},"end":{"line":18,"column":32}},"11":{"start":{"line":20,"column":4},"end":{"line":22,"column":69}},"12":{"start":{"line":26,"column":0},"end":{"line":41,"column":2}},"13":{"start":{"line":27,"column":2},"end":{"line":40,"column":3}},"14":{"start":{"line":28,"column":15},"end":{"line":28,"column":36}},"15":{"start":{"line":29,"column":4},"end":{"line":29,"column":36}},"16":{"start":{"line":31,"column":24},"end":{"line":33,"column":6}},"17":{"start":{"line":34,"column":4},"end":{"line":35,"column":65}},"18":{"start":{"line":35,"column":6},"end":{"line":35,"column":65}},"19":{"start":{"line":37,"column":4},"end":{"line":37,"column":38}},"20":{"start":{"line":39,"column":4},"end":{"line":39,"column":51}},"21":{"start":{"line":43,"column":0},"end":{"line":56,"column":2}},"22":{"start":{"line":44,"column":2},"end":{"line":55,"column":3}},"23":{"start":{"line":45,"column":15},"end":{"line":45,"column":36}},"24":{"start":{"line":46,"column":24},"end":{"line":46,"column":59}},"25":{"start":{"line":47,"column":4},"end":{"line":48,"column":65}},"26":{"start":{"line":48,"column":6},"end":{"line":48,"column":65}},"27":{"start":{"line":50,"column":4},"end":{"line":50,"column":67}},"28":{"start":{"line":52,"column":4},"end":{"line":54,"column":68}}},"fnMap":{"0":{"name":"(anonymous_0)","decl":{"start":{"line":3,"column":21},"end":{"line":3,"column":22}},"loc":{"start":{"line":3,"column":41},"end":{"line":13,"column":1}},"line":3},"1":{"name":"(anonymous_1)","decl":{"start":{"line":15,"column":19},"end":{"line":15,"column":20}},"loc":{"start":{"line":15,"column":39},"end":{"line":24,"column":1}},"line":15},"2":{"name":"(anonymous_2)","decl":{"start":{"line":26,"column":21},"end":{"line":26,"column":22}},"loc":{"start":{"line":26,"column":41},"end":{"line":41,"column":1}},"line":26},"3":{"name":"(anonymous_3)","decl":{"start":{"line":43,"column":21},"end":{"line":43,"column":22}},"loc":{"start":{"line":43,"column":41},"end":{"line":56,"column":1}},"line":43}},"branchMap":{"0":{"loc":{"start":{"line":34,"column":4},"end":{"line":35,"column":65}},"type":"if","locations":[{"start":{"line":34,"column":4},"end":{"line":35,"column":65}},{"start":{},"end":{}}],"line":34},"1":{"loc":{"start":{"line":47,"column":4},"end":{"line":48,"column":65}},"type":"if","locations":[{"start":{"line":47,"column":4},"end":{"line":48,"column":65}},{"start":{},"end":{}}],"line":47}},"s":{"0":1,"1":1,"2":1,"3":1,"4":1,"5":1,"6":0,"7":1,"8":1,"9":1,"10":1,"11":0,"12":1,"13":1,"14":1,"15":1,"16":1,"17":1,"18":0,"19":1,"20":0,"21":1,"22":1,"23":1,"24":1,"25":1,"26":0,"27":1,"28":0},"f":{"0":1,"1":1,"2":1,"3":1},"b":{"0":[0,1],"1":[0,1]},"_coverageSchema":"1a1c01bbd47fc00a2c39e90264f33305004495a9","hash":"d786d8347a5985944f86828b95f5d09cc9a38230"}
,"/home/daud/Videos/DawoodRamzan/week3/Day2/Backend/controllers/userController.js": {"path":"/home/daud/Videos/DawoodRamzan/week3/Day2/Backend/controllers/userController.js","statementMap":{"0":{"start":{"line":1,"column":13},"end":{"line":1,"column":38}},"1":{"start":{"line":2,"column":15},"end":{"line":2,"column":34}},"2":{"start":{"line":3,"column":12},"end":{"line":3,"column":35}},"3":{"start":{"line":5,"column":0},"end":{"line":23,"column":2}},"4":{"start":{"line":6,"column":2},"end":{"line":22,"column":3}},"5":{"start":{"line":7,"column":42},"end":{"line":7,"column":50}},"6":{"start":{"line":9,"column":25},"end":{"line":9,"column":54}},"7":{"start":{"line":10,"column":4},"end":{"line":11,"column":70}},"8":{"start":{"line":11,"column":6},"end":{"line":11,"column":70}},"9":{"start":{"line":13,"column":27},"end":{"line":13,"column":58}},"10":{"start":{"line":14,"column":17},"end":{"line":14,"column":72}},"11":{"start":{"line":15,"column":4},"end":{"line":15,"column":22}},"12":{"start":{"line":17,"column":4},"end":{"line":17,"column":76}},"13":{"start":{"line":19,"column":4},"end":{"line":21,"column":71}},"14":{"start":{"line":25,"column":0},"end":{"line":34,"column":2}},"15":{"start":{"line":26,"column":2},"end":{"line":33,"column":3}},"16":{"start":{"line":27,"column":18},"end":{"line":27,"column":35}},"17":{"start":{"line":28,"column":4},"end":{"line":28,"column":32}},"18":{"start":{"line":30,"column":4},"end":{"line":32,"column":69}},"19":{"start":{"line":36,"column":0},"end":{"line":62,"column":2}},"20":{"start":{"line":37,"column":2},"end":{"line":61,"column":3}},"21":{"start":{"line":38,"column":35},"end":{"line":38,"column":43}},"22":{"start":{"line":39,"column":4},"end":{"line":42,"column":65}},"23":{"start":{"line":40,"column":6},"end":{"line":42,"column":65}},"24":{"start":{"line":44,"column":17},"end":{"line":44,"column":49}},"25":{"start":{"line":45,"column":4},"end":{"line":45,"column":74}},"26":{"start":{"line":45,"column":15},"end":{"line":45,"column":74}},"27":{"start":{"line":47,"column":20},"end":{"line":47,"column":65}},"28":{"start":{"line":48,"column":4},"end":{"line":48,"column":79}},"29":{"start":{"line":48,"column":18},"end":{"line":48,"column":79}},"30":{"start":{"line":50,"column":18},"end":{"line":56,"column":5}},"31":{"start":{"line":58,"column":4},"end":{"line":58,"column":71}},"32":{"start":{"line":60,"column":4},"end":{"line":60,"column":78}}},"fnMap":{"0":{"name":"(anonymous_0)","decl":{"start":{"line":5,"column":23},"end":{"line":5,"column":24}},"loc":{"start":{"line":5,"column":43},"end":{"line":23,"column":1}},"line":5},"1":{"name":"(anonymous_1)","decl":{"start":{"line":25,"column":19},"end":{"line":25,"column":20}},"loc":{"start":{"line":25,"column":39},"end":{"line":34,"column":1}},"line":25},"2":{"name":"(anonymous_2)","decl":{"start":{"line":36,"column":20},"end":{"line":36,"column":21}},"loc":{"start":{"line":36,"column":40},"end":{"line":62,"column":1}},"line":36}},"branchMap":{"0":{"loc":{"start":{"line":10,"column":4},"end":{"line":11,"column":70}},"type":"if","locations":[{"start":{"line":10,"column":4},"end":{"line":11,"column":70}},{"start":{},"end":{}}],"line":10},"1":{"loc":{"start":{"line":39,"column":4},"end":{"line":42,"column":65}},"type":"if","locations":[{"start":{"line":39,"column":4},"end":{"line":42,"column":65}},{"start":{},"end":{}}],"line":39},"2":{"loc":{"start":{"line":39,"column":8},"end":{"line":39,"column":30}},"type":"binary-expr","locations":[{"start":{"line":39,"column":8},"end":{"line":39,"column":17}},{"start":{"line":39,"column":21},"end":{"line":39,"column":30}}],"line":39},"3":{"loc":{"start":{"line":45,"column":4},"end":{"line":45,"column":74}},"type":"if","locations":[{"start":{"line":45,"column":4},"end":{"line":45,"column":74}},{"start":{},"end":{}}],"line":45},"4":{"loc":{"start":{"line":48,"column":4},"end":{"line":48,"column":79}},"type":"if","locations":[{"start":{"line":48,"column":4},"end":{"line":48,"column":79}},{"start":{},"end":{}}],"line":48}},"s":{"0":1,"1":1,"2":1,"3":1,"4":6,"5":6,"6":6,"7":6,"8":1,"9":5,"10":5,"11":5,"12":5,"13":0,"14":1,"15":1,"16":1,"17":1,"18":0,"19":1,"20":2,"21":2,"22":2,"23":0,"24":2,"25":2,"26":0,"27":2,"28":2,"29":1,"30":1,"31":1,"32":0},"f":{"0":6,"1":1,"2":2},"b":{"0":[1,5],"1":[0,2],"2":[2,2],"3":[0,2],"4":[1,1]},"_coverageSchema":"1a1c01bbd47fc00a2c39e90264f33305004495a9","hash":"34f81d3a1617d969849160a5ba81059c66ad0ff8"}
,"/home/daud/Videos/DawoodRamzan/week3/Day2/Backend/models/task.js": {"path":"/home/daud/Videos/DawoodRamzan/week3/Day2/Backend/models/task.js","statementMap":{"0":{"start":{"line":1,"column":17},"end":{"line":1,"column":36}},"1":{"start":{"line":3,"column":19},"end":{"line":34,"column":2}},"2":{"start":{"line":37,"column":0},"end":{"line":43,"column":3}},"3":{"start":{"line":38,"column":2},"end":{"line":41,"column":3}},"4":{"start":{"line":39,"column":21},"end":{"line":39,"column":76}},"5":{"start":{"line":40,"column":4},"end":{"line":40,"column":45}},"6":{"start":{"line":42,"column":2},"end":{"line":42,"column":9}},"7":{"start":{"line":45,"column":13},"end":{"line":45,"column":47}},"8":{"start":{"line":46,"column":0},"end":{"line":46,"column":22}}},"fnMap":{"0":{"name":"(anonymous_0)","decl":{"start":{"line":37,"column":23},"end":{"line":37,"column":24}},"loc":{"start":{"line":37,"column":45},"end":{"line":43,"column":1}},"line":37}},"branchMap":{"0":{"loc":{"start":{"line":38,"column":2},"end":{"line":41,"column":3}},"type":"if","locations":[{"start":{"line":38,"column":2},"end":{"line":41,"column":3}},{"start":{},"end":{}}],"line":38},"1":{"loc":{"start":{"line":40,"column":14},"end":{"line":40,"column":44}},"type":"cond-expr","locations":[{"start":{"line":40,"column":25},"end":{"line":40,"column":40}},{"start":{"line":40,"column":43},"end":{"line":40,"column":44}}],"line":40}},"s":{"0":1,"1":1,"2":1,"3":5,"4":5,"5":5,"6":5,"7":1,"8":1},"f":{"0":5},"b":{"0":[5,0],"1":[1,4]},"_coverageSchema":"1a1c01bbd47fc00a2c39e90264f33305004495a9","hash":"6487c7e1173ff7015d3b2d374f82603034f1a071"}
,"/home/daud/Videos/DawoodRamzan/week3/Day2/Backend/models/user.js": {"path":"/home/daud/Videos/DawoodRamzan/week3/Day2/Backend/models/user.js","statementMap":{"0":{"start":{"line":1,"column":17},"end":{"line":1,"column":36}},"1":{"start":{"line":2,"column":19},"end":{"line":32,"column":2}},"2":{"start":{"line":33,"column":13},"end":{"line":33,"column":63}},"3":{"start":{"line":34,"column":0},"end":{"line":34,"column":22}}},"fnMap":{},"branchMap":{},"s":{"0":1,"1":1,"2":1,"3":1},"f":{},"b":{},"_coverageSchema":"1a1c01bbd47fc00a2c39e90264f33305004495a9","hash":"624f14561b4db76ee3b57288043da6fc4ef112d6"}
,"/home/daud/Videos/DawoodRamzan/week3/Day2/Backend/routes/taskRoutes.js": {"path":"/home/daud/Videos/DawoodRamzan/week3/Day2/Backend/routes/taskRoutes.js","statementMap":{"0":{"start":{"line":1,"column":16},"end":{"line":1,"column":34}},"1":{"start":{"line":2,"column":15},"end":{"line":2,"column":31}},"2":{"start":{"line":3,"column":23},"end":{"line":3,"column":63}},"3":{"start":{"line":31,"column":0},"end":{"line":31,"column":44}},"4":{"start":{"line":43,"column":0},"end":{"line":43,"column":41}},"5":{"start":{"line":77,"column":0},"end":{"line":77,"column":46}},"6":{"start":{"line":98,"column":0},"end":{"line":98,"column":49}},"7":{"start":{"line":100,"column":0},"end":{"line":100,"column":24}}},"fnMap":{},"branchMap":{},"s":{"0":1,"1":1,"2":1,"3":1,"4":1,"5":1,"6":1,"7":1},"f":{},"b":{},"_coverageSchema":"1a1c01bbd47fc00a2c39e90264f33305004495a9","hash":"c2e3720eb45fefb76853ac8e3aa0a8a1d2ad4795"}
,"/home/daud/Videos/DawoodRamzan/week3/Day2/Backend/routes/userRoutes.js": {"path":"/home/daud/Videos/DawoodRamzan/week3/Day2/Backend/routes/userRoutes.js","statementMap":{"0":{"start":{"line":1,"column":16},"end":{"line":1,"column":34}},"1":{"start":{"line":2,"column":15},"end":{"line":2,"column":31}},"2":{"start":{"line":3,"column":23},"end":{"line":3,"column":63}},"3":{"start":{"line":35,"column":0},"end":{"line":35,"column":54}},"4":{"start":{"line":49,"column":0},"end":{"line":49,"column":41}},"5":{"start":{"line":78,"column":0},"end":{"line":78,"column":48}},"6":{"start":{"line":80,"column":0},"end":{"line":80,"column":24}}},"fnMap":{},"branchMap":{},"s":{"0":1,"1":1,"2":1,"3":1,"4":1,"5":1,"6":1},"f":{},"b":{},"_coverageSchema":"1a1c01bbd47fc00a2c39e90264f33305004495a9","hash":"4e16cda6f3193b43dd464e3bd4c91aa447e1b7d3"}
}
