TN:
SF:controllers/taskController.js
FN:3,(anonymous_0)
FN:15,(anonymous_1)
FN:26,(anonymous_2)
FN:43,(anonymous_3)
FNF:4
FNH:4
FNDA:1,(anonymous_0)
FNDA:1,(anonymous_1)
FNDA:1,(anonymous_2)
FNDA:1,(anonymous_3)
DA:1,1
DA:3,1
DA:4,1
DA:5,1
DA:6,1
DA:7,1
DA:9,0
DA:15,1
DA:16,1
DA:17,1
DA:18,1
DA:20,0
DA:26,1
DA:27,1
DA:28,1
DA:29,1
DA:31,1
DA:34,1
DA:35,0
DA:37,1
DA:39,0
DA:43,1
DA:44,1
DA:45,1
DA:46,1
DA:47,1
DA:48,0
DA:50,1
DA:52,0
LF:29
LH:23
BRDA:34,0,0,0
BRDA:34,0,1,1
BRDA:47,1,0,0
BRDA:47,1,1,1
BRF:4
BRH:2
end_of_record
TN:
SF:controllers/userController.js
FN:5,(anonymous_0)
FN:25,(anonymous_1)
FN:36,(anonymous_2)
FNF:3
FNH:3
FNDA:6,(anonymous_0)
FNDA:1,(anonymous_1)
FNDA:2,(anonymous_2)
DA:1,1
DA:2,1
DA:3,1
DA:5,1
DA:6,6
DA:7,6
DA:9,6
DA:10,6
DA:11,1
DA:13,5
DA:14,5
DA:15,5
DA:17,5
DA:19,0
DA:25,1
DA:26,1
DA:27,1
DA:28,1
DA:30,0
DA:36,1
DA:37,2
DA:38,2
DA:39,2
DA:40,0
DA:44,2
DA:45,2
DA:47,2
DA:48,2
DA:50,1
DA:58,1
DA:60,0
LF:31
LH:27
BRDA:10,0,0,1
BRDA:10,0,1,5
BRDA:39,1,0,0
BRDA:39,1,1,2
BRDA:39,2,0,2
BRDA:39,2,1,2
BRDA:45,3,0,0
BRDA:45,3,1,2
BRDA:48,4,0,1
BRDA:48,4,1,1
BRF:10
BRH:8
end_of_record
TN:
SF:models/task.js
FN:37,(anonymous_0)
FNF:1
FNH:1
FNDA:5,(anonymous_0)
DA:1,1
DA:3,1
DA:37,1
DA:38,5
DA:39,5
DA:40,5
DA:42,5
DA:45,1
DA:46,1
LF:9
LH:9
BRDA:38,0,0,5
BRDA:38,0,1,0
BRDA:40,1,0,1
BRDA:40,1,1,4
BRF:4
BRH:3
end_of_record
TN:
SF:models/user.js
FNF:0
FNH:0
DA:1,1
DA:2,1
DA:33,1
DA:34,1
LF:4
LH:4
BRF:0
BRH:0
end_of_record
TN:
SF:routes/taskRoutes.js
FNF:0
FNH:0
DA:1,1
DA:2,1
DA:3,1
DA:31,1
DA:43,1
DA:77,1
DA:98,1
DA:100,1
LF:8
LH:8
BRF:0
BRH:0
end_of_record
TN:
SF:routes/userRoutes.js
FNF:0
FNH:0
DA:1,1
DA:2,1
DA:3,1
DA:35,1
DA:49,1
DA:78,1
DA:80,1
LF:7
LH:7
BRF:0
BRH:0
end_of_record
